[2026-03-08T23:06:09.831Z INFO  itheris_daemon] ===========================================
[2026-03-08T23:06:09.831Z INFO  itheris_daemon]   ITHERIS Sovereign Runtime Daemon v1.0
[2026-03-08T23:06:09.831Z INFO  itheris_daemon] ===========================================
[2026-03-08T23:06:09.831Z INFO  itheris_daemon::kernel] 🛡️  Initializing ITHERIS Fail-Closed Kernel...
[2026-03-08T23:06:09.831Z INFO  itheris_daemon] 🚀 Starting ITHERIS Daemon v1.0.0...
[2026-03-08T23:06:09.831Z INFO  itheris_daemon] State: Starting -> SecureBoot
[2026-03-08T23:06:09.831Z INFO  itheris_daemon::secure_boot] 🔐 Starting ITHERIS Secure Boot Sequence...
[2026-03-08T23:06:09.831Z INFO  itheris_daemon::secure_boot] 📋 Stage 1: Boot Verification...
[2026-03-08T23:06:09.851Z INFO  itheris_daemon::secure_boot]    ✓ Stage 1 complete: Boot measurement: d3742ee9a344ddb9 (PCR0 extended)
[2026-03-08T23:06:09.851Z INFO  itheris_daemon::secure_boot] 📋 Stage 2: Kernel Integrity Check...
[2026-03-08T23:06:09.852Z INFO  itheris_daemon::secure_boot]    ✓ Stage 2 complete: Kernel verified (approve: true, deny: true): 4be81e7ea5937cb3
[2026-03-08T23:06:09.852Z INFO  itheris_daemon::secure_boot] 📋 Stage 3: Julia Brain Verification...
[2026-03-08T23:06:09.895Z INFO  itheris_daemon::secure_boot]    ✓ Stage 3 complete: Julia brain verified: ced0d441735e56f4
[2026-03-08T23:06:09.895Z INFO  itheris_daemon::secure_boot] 📋 Stage 4: Capability Registry Validation...
[2026-03-08T23:06:09.896Z INFO  itheris_daemon::secure_boot]    ✓ Stage 4 complete: Registry valid: bca28bbb7a6cb848
[2026-03-08T23:06:09.896Z INFO  itheris_daemon::secure_boot] ✅ Secure Boot Sequence Complete - All stages verified
[2026-03-08T23:06:09.896Z INFO  itheris_daemon] ✅ Secure boot completed: 4 stages
[2026-03-08T23:06:09.897Z INFO  itheris_daemon::kernel] 📋 Initializing kernel capabilities...
[2026-03-08T23:06:09.897Z INFO  itheris_daemon::kernel]    ✓ Default capabilities initialized
[2026-03-08T23:06:09.897Z INFO  itheris_daemon::kernel] ✅ Warden: HEALTHY - Kernel accepting actions
[2026-03-08T23:06:09.897Z INFO  itheris_daemon] State: SecureBoot -> Running
[2026-03-08T23:06:09.897Z INFO  itheris_daemon] 🧠 Spawning Julia brain...
[2026-03-08T23:06:09.899Z INFO  itheris_daemon]    ✓ Julia brain started (PID: 32610)
[2026-03-08T23:06:09.899Z INFO  itheris_daemon] ✅ ITHERIS Daemon started successfully
[2026-03-08T23:06:09.899Z INFO  itheris_daemon] 🐕 Starting watchdog...
[2026-03-08T23:06:09.901Z INFO  itheris_daemon] 🌐 HTTP server listening on http://0.0.0.0:8080

thread 'tokio-rt-worker' (32609) panicked at src/main.rs:345:62:
called `Result::unwrap()` on an `Err` value: Os { code: 98, kind: AddrInUse, message: "Address already in use" }
note: run with `RUST_BACKTRACE=1` environment variable to display a backtrace
[2026-03-08T23:24:48.236Z INFO  itheris_daemon] ===========================================
[2026-03-08T23:24:48.236Z INFO  itheris_daemon]   ITHERIS Sovereign Runtime Daemon v1.0
[2026-03-08T23:24:48.236Z INFO  itheris_daemon] ===========================================
[2026-03-08T23:24:48.236Z INFO  itheris_daemon::kernel] 🛡️  Initializing ITHERIS Fail-Closed Kernel...
[2026-03-08T23:24:48.236Z INFO  itheris_daemon] 🚀 Starting ITHERIS Daemon v1.0.0...
[2026-03-08T23:24:48.236Z INFO  itheris_daemon] State: Starting -> SecureBoot
[2026-03-08T23:24:48.236Z INFO  itheris_daemon::secure_boot] 🔐 Starting ITHERIS Secure Boot Sequence...
[2026-03-08T23:24:48.236Z INFO  itheris_daemon::secure_boot] 📋 Stage 1: Boot Verification...
[2026-03-08T23:24:48.242Z INFO  itheris_daemon::secure_boot]    ✓ Stage 1 complete: Boot measurement: d3742ee9a344ddb9 (PCR0 extended)
[2026-03-08T23:24:48.242Z INFO  itheris_daemon::secure_boot] 📋 Stage 2: Kernel Integrity Check...
[2026-03-08T23:24:48.242Z INFO  itheris_daemon::secure_boot]    ✓ Stage 2 complete: Kernel verified (approve: true, deny: true): 4be81e7ea5937cb3
[2026-03-08T23:24:48.242Z INFO  itheris_daemon::secure_boot] 📋 Stage 3: Julia Brain Verification...
[2026-03-08T23:24:48.248Z INFO  itheris_daemon::secure_boot]    ✓ Stage 3 complete: Julia brain verified: ced0d441735e56f4
[2026-03-08T23:24:48.248Z INFO  itheris_daemon::secure_boot] 📋 Stage 4: Capability Registry Validation...
[2026-03-08T23:24:48.248Z INFO  itheris_daemon::secure_boot]    ✓ Stage 4 complete: Registry valid: bca28bbb7a6cb848
[2026-03-08T23:24:48.248Z INFO  itheris_daemon::secure_boot] ✅ Secure Boot Sequence Complete - All stages verified
[2026-03-08T23:24:48.248Z INFO  itheris_daemon] ✅ Secure boot completed: 4 stages
[2026-03-08T23:24:48.248Z INFO  itheris_daemon::kernel] 📋 Initializing kernel capabilities...
[2026-03-08T23:24:48.248Z INFO  itheris_daemon::kernel]    ✓ Default capabilities initialized
[2026-03-08T23:24:48.248Z INFO  itheris_daemon::kernel] ✅ Warden: HEALTHY - Kernel accepting actions
[2026-03-08T23:24:48.248Z INFO  itheris_daemon] State: SecureBoot -> Running
[2026-03-08T23:24:48.248Z INFO  itheris_daemon] 🧠 Spawning Julia brain...
[2026-03-08T23:24:48.255Z INFO  itheris_daemon]    ✓ Julia brain started (PID: 36259)
[2026-03-08T23:24:48.255Z INFO  itheris_daemon] ✅ ITHERIS Daemon started successfully
[2026-03-08T23:24:48.255Z INFO  itheris_daemon] 🐕 Starting watchdog...
[2026-03-08T23:24:48.256Z INFO  itheris_daemon] 🌐 HTTP server listening on http://0.0.0.0:8080

thread 'tokio-rt-worker' (36258) panicked at src/main.rs:345:62:
called `Result::unwrap()` on an `Err` value: Os { code: 98, kind: AddrInUse, message: "Address already in use" }
note: run with `RUST_BACKTRACE=1` environment variable to display a backtrace
[2026-03-08T23:29:55.348Z INFO  itheris_daemon] ===========================================
[2026-03-08T23:29:55.348Z INFO  itheris_daemon]   ITHERIS Sovereign Runtime Daemon v1.0
[2026-03-08T23:29:55.348Z INFO  itheris_daemon] ===========================================
[2026-03-08T23:29:55.348Z INFO  itheris_daemon::kernel] 🛡️  Initializing ITHERIS Fail-Closed Kernel...
[2026-03-08T23:29:55.348Z INFO  itheris_daemon] 🚀 Starting ITHERIS Daemon v1.0.0...
[2026-03-08T23:29:55.348Z INFO  itheris_daemon] State: Starting -> SecureBoot
[2026-03-08T23:29:55.348Z INFO  itheris_daemon::secure_boot] 🔐 Starting ITHERIS Secure Boot Sequence...
[2026-03-08T23:29:55.348Z INFO  itheris_daemon::secure_boot] 📋 Stage 1: Boot Verification...
[2026-03-08T23:29:55.349Z INFO  itheris_daemon::secure_boot]    ✓ Stage 1 complete: Boot measurement: d3742ee9a344ddb9 (PCR0 extended)
[2026-03-08T23:29:55.349Z INFO  itheris_daemon::secure_boot] 📋 Stage 2: Kernel Integrity Check...
[2026-03-08T23:29:55.349Z INFO  itheris_daemon::secure_boot]    ✓ Stage 2 complete: Kernel verified (approve: true, deny: true): 4be81e7ea5937cb3
[2026-03-08T23:29:55.349Z INFO  itheris_daemon::secure_boot] 📋 Stage 3: Julia Brain Verification...
[2026-03-08T23:29:55.354Z INFO  itheris_daemon::secure_boot]    ✓ Stage 3 complete: Julia brain verified: ced0d441735e56f4
[2026-03-08T23:29:55.354Z INFO  itheris_daemon::secure_boot] 📋 Stage 4: Capability Registry Validation...
[2026-03-08T23:29:55.354Z INFO  itheris_daemon::secure_boot]    ✓ Stage 4 complete: Registry valid: bca28bbb7a6cb848
[2026-03-08T23:29:55.354Z INFO  itheris_daemon::secure_boot] ✅ Secure Boot Sequence Complete - All stages verified
[2026-03-08T23:29:55.354Z INFO  itheris_daemon] ✅ Secure boot completed: 4 stages
[2026-03-08T23:29:55.354Z INFO  itheris_daemon::kernel] 📋 Initializing kernel capabilities...
[2026-03-08T23:29:55.354Z INFO  itheris_daemon::kernel]    ✓ Default capabilities initialized
[2026-03-08T23:29:55.354Z INFO  itheris_daemon::kernel] ✅ Warden: HEALTHY - Kernel accepting actions
[2026-03-08T23:29:55.354Z INFO  itheris_daemon] State: SecureBoot -> Running
[2026-03-08T23:29:55.354Z INFO  itheris_daemon] 🧠 Spawning Julia brain...
[2026-03-08T23:29:55.359Z INFO  itheris_daemon]    ✓ Julia brain started (PID: 37481)
[2026-03-08T23:29:55.360Z INFO  itheris_daemon] ✅ ITHERIS Daemon started successfully
[2026-03-08T23:29:55.360Z INFO  itheris_daemon] 🐕 Starting watchdog...
[2026-03-08T23:29:55.360Z INFO  itheris_daemon] 🌐 HTTP server listening on http://0.0.0.0:8080

thread 'tokio-rt-worker' (37480) panicked at src/main.rs:345:62:
called `Result::unwrap()` on an `Err` value: Os { code: 98, kind: AddrInUse, message: "Address already in use" }
note: run with `RUST_BACKTRACE=1` environment variable to display a backtrace
[2026-03-08T23:31:13.164Z INFO  itheris_daemon] ===========================================
[2026-03-08T23:31:13.164Z INFO  itheris_daemon]   ITHERIS Sovereign Runtime Daemon v1.0
[2026-03-08T23:31:13.164Z INFO  itheris_daemon] ===========================================
[2026-03-08T23:31:13.164Z INFO  itheris_daemon::kernel] 🛡️  Initializing ITHERIS Fail-Closed Kernel...
[2026-03-08T23:31:13.164Z INFO  itheris_daemon] 🚀 Starting ITHERIS Daemon v1.0.0...
[2026-03-08T23:31:13.164Z INFO  itheris_daemon] State: Starting -> SecureBoot
[2026-03-08T23:31:13.164Z INFO  itheris_daemon::secure_boot] 🔐 Starting ITHERIS Secure Boot Sequence...
[2026-03-08T23:31:13.164Z INFO  itheris_daemon::secure_boot] 📋 Stage 1: Boot Verification...
[2026-03-08T23:31:13.188Z INFO  itheris_daemon::secure_boot]    ✓ Stage 1 complete: Boot measurement: d3742ee9a344ddb9 (PCR0 extended)
[2026-03-08T23:31:13.188Z INFO  itheris_daemon::secure_boot] 📋 Stage 2: Kernel Integrity Check...
[2026-03-08T23:31:13.189Z INFO  itheris_daemon::secure_boot]    ✓ Stage 2 complete: Kernel verified (approve: true, deny: true): 4be81e7ea5937cb3
[2026-03-08T23:31:13.189Z INFO  itheris_daemon::secure_boot] 📋 Stage 3: Julia Brain Verification...
[2026-03-08T23:31:13.196Z INFO  itheris_daemon::secure_boot]    ✓ Stage 3 complete: Julia brain verified: ced0d441735e56f4
[2026-03-08T23:31:13.201Z INFO  itheris_daemon::secure_boot] 📋 Stage 4: Capability Registry Validation...
[2026-03-08T23:31:13.201Z INFO  itheris_daemon::secure_boot]    ✓ Stage 4 complete: Registry valid: bca28bbb7a6cb848
[2026-03-08T23:31:13.201Z INFO  itheris_daemon::secure_boot] ✅ Secure Boot Sequence Complete - All stages verified
[2026-03-08T23:31:13.201Z INFO  itheris_daemon] ✅ Secure boot completed: 4 stages
[2026-03-08T23:31:13.201Z INFO  itheris_daemon::kernel] 📋 Initializing kernel capabilities...
[2026-03-08T23:31:13.201Z INFO  itheris_daemon::kernel]    ✓ Default capabilities initialized
[2026-03-08T23:31:13.201Z INFO  itheris_daemon::kernel] ✅ Warden: HEALTHY - Kernel accepting actions
[2026-03-08T23:31:13.201Z INFO  itheris_daemon] State: SecureBoot -> Running
[2026-03-08T23:31:13.201Z INFO  itheris_daemon] 🧠 Spawning Julia brain...
[2026-03-08T23:31:13.202Z INFO  itheris_daemon]    ✓ Julia brain started (PID: 37968)
[2026-03-08T23:31:13.202Z INFO  itheris_daemon] ✅ ITHERIS Daemon started successfully
[2026-03-08T23:31:13.202Z INFO  itheris_daemon] 🐕 Starting watchdog...
[2026-03-08T23:31:13.202Z INFO  itheris_daemon] 🌐 HTTP server listening on http://0.0.0.0:8080
[2026-03-08T23:34:56.407Z INFO  itheris_daemon] ===========================================
[2026-03-08T23:34:56.407Z INFO  itheris_daemon]   ITHERIS Sovereign Runtime Daemon v1.0
[2026-03-08T23:34:56.407Z INFO  itheris_daemon] ===========================================
[2026-03-08T23:34:56.407Z INFO  itheris_daemon::kernel] 🛡️  Initializing ITHERIS Fail-Closed Kernel...
[2026-03-08T23:34:56.407Z INFO  itheris_daemon] 🚀 Starting ITHERIS Daemon v1.0.0...
[2026-03-08T23:34:56.407Z INFO  itheris_daemon] State: Starting -> SecureBoot
[2026-03-08T23:34:56.407Z INFO  itheris_daemon::secure_boot] 🔐 Starting ITHERIS Secure Boot Sequence...
[2026-03-08T23:34:56.407Z INFO  itheris_daemon::secure_boot] 📋 Stage 1: Boot Verification...
[2026-03-08T23:34:56.411Z INFO  itheris_daemon::secure_boot]    ✓ Stage 1 complete: Boot measurement: d3742ee9a344ddb9 (PCR0 extended)
[2026-03-08T23:34:56.411Z INFO  itheris_daemon::secure_boot] 📋 Stage 2: Kernel Integrity Check...
[2026-03-08T23:34:56.412Z INFO  itheris_daemon::secure_boot]    ✓ Stage 2 complete: Kernel verified (approve: true, deny: true): 4be81e7ea5937cb3
[2026-03-08T23:34:56.412Z INFO  itheris_daemon::secure_boot] 📋 Stage 3: Julia Brain Verification...
[2026-03-08T23:34:56.419Z INFO  itheris_daemon::secure_boot]    ✓ Stage 3 complete: Julia brain verified: ced0d441735e56f4
[2026-03-08T23:34:56.419Z INFO  itheris_daemon::secure_boot] 📋 Stage 4: Capability Registry Validation...
[2026-03-08T23:34:56.420Z INFO  itheris_daemon::secure_boot]    ✓ Stage 4 complete: Registry valid: bca28bbb7a6cb848
[2026-03-08T23:34:56.420Z INFO  itheris_daemon::secure_boot] ✅ Secure Boot Sequence Complete - All stages verified
[2026-03-08T23:34:56.420Z INFO  itheris_daemon] ✅ Secure boot completed: 4 stages
[2026-03-08T23:34:56.420Z INFO  itheris_daemon::kernel] 📋 Initializing kernel capabilities...
[2026-03-08T23:34:56.420Z INFO  itheris_daemon::kernel]    ✓ Default capabilities initialized
[2026-03-08T23:34:56.420Z INFO  itheris_daemon::kernel] ✅ Warden: HEALTHY - Kernel accepting actions
[2026-03-08T23:34:56.420Z INFO  itheris_daemon] State: SecureBoot -> Running
[2026-03-08T23:34:56.420Z INFO  itheris_daemon] 🧠 Spawning Julia brain...
[2026-03-08T23:34:56.430Z INFO  itheris_daemon]    ✓ Julia brain started (PID: 38791)
[2026-03-08T23:34:56.430Z INFO  itheris_daemon] ✅ ITHERIS Daemon started successfully
[2026-03-08T23:34:56.430Z INFO  itheris_daemon] 🐕 Starting watchdog...
[2026-03-08T23:34:56.430Z INFO  itheris_daemon] 🌐 HTTP server listening on http://0.0.0.0:8080

thread 'tokio-rt-worker' (38790) panicked at src/main.rs:345:62:
called `Result::unwrap()` on an `Err` value: Os { code: 98, kind: AddrInUse, message: "Address already in use" }
note: run with `RUST_BACKTRACE=1` environment variable to display a backtrace
[2026-03-09T00:04:45.003Z INFO  itheris_daemon] ===========================================
[2026-03-09T00:04:45.003Z INFO  itheris_daemon]   ITHERIS Sovereign Runtime Daemon v1.0
[2026-03-09T00:04:45.003Z INFO  itheris_daemon] ===========================================
[2026-03-09T00:04:45.003Z INFO  itheris_daemon::kernel] 🛡️  Initializing ITHERIS Fail-Closed Kernel...
[2026-03-09T00:04:45.003Z INFO  itheris_daemon] 🚀 Starting ITHERIS Daemon v1.0.0...
[2026-03-09T00:04:45.003Z INFO  itheris_daemon] State: Starting -> SecureBoot
[2026-03-09T00:04:45.003Z INFO  itheris_daemon::secure_boot] 🔐 Starting ITHERIS Secure Boot Sequence...
[2026-03-09T00:04:45.003Z INFO  itheris_daemon::secure_boot] 📋 Stage 1: Boot Verification...
[2026-03-09T00:04:45.004Z INFO  itheris_daemon::secure_boot]    ✓ Stage 1 complete: Boot measurement: d3742ee9a344ddb9 (PCR0 extended)
[2026-03-09T00:04:45.004Z INFO  itheris_daemon::secure_boot] 📋 Stage 2: Kernel Integrity Check...
[2026-03-09T00:04:45.004Z INFO  itheris_daemon::secure_boot]    ✓ Stage 2 complete: Kernel verified (approve: true, deny: true): 4be81e7ea5937cb3
[2026-03-09T00:04:45.004Z INFO  itheris_daemon::secure_boot] 📋 Stage 3: Julia Brain Verification...
[2026-03-09T00:04:45.050Z INFO  itheris_daemon::secure_boot]    ✓ Stage 3 complete: Julia brain verified: ced0d441735e56f4
[2026-03-09T00:04:45.050Z INFO  itheris_daemon::secure_boot] 📋 Stage 4: Capability Registry Validation...
[2026-03-09T00:04:45.051Z INFO  itheris_daemon::secure_boot]    ✓ Stage 4 complete: Registry valid: bca28bbb7a6cb848
[2026-03-09T00:04:45.051Z INFO  itheris_daemon::secure_boot] ✅ Secure Boot Sequence Complete - All stages verified
[2026-03-09T00:04:45.051Z INFO  itheris_daemon] ✅ Secure boot completed: 4 stages
[2026-03-09T00:04:45.051Z INFO  itheris_daemon::kernel] 📋 Initializing kernel capabilities...
[2026-03-09T00:04:45.052Z INFO  itheris_daemon::kernel]    ✓ Default capabilities initialized
[2026-03-09T00:04:45.052Z INFO  itheris_daemon::kernel] ✅ Warden: HEALTHY - Kernel accepting actions
[2026-03-09T00:04:45.052Z INFO  itheris_daemon] State: SecureBoot -> Running
[2026-03-09T00:04:45.052Z INFO  itheris_daemon] 🧠 Spawning Julia brain...
[2026-03-09T00:04:45.054Z INFO  itheris_daemon]    ✓ Julia brain started (PID: 45585)
[2026-03-09T00:04:45.054Z INFO  itheris_daemon] ✅ ITHERIS Daemon started successfully
[2026-03-09T00:04:45.054Z INFO  itheris_daemon] 🐕 Starting watchdog...
[2026-03-09T00:04:45.054Z INFO  itheris_daemon] 🌐 HTTP server listening on http://0.0.0.0:8080

thread 'tokio-rt-worker' (45581) panicked at src/main.rs:345:62:
called `Result::unwrap()` on an `Err` value: Os { code: 98, kind: AddrInUse, message: "Address already in use" }
note: run with `RUST_BACKTRACE=1` environment variable to display a backtrace
[2026-03-09T00:13:55.891Z INFO  itheris_daemon] ===========================================
[2026-03-09T00:13:55.891Z INFO  itheris_daemon]   ITHERIS Sovereign Runtime Daemon v1.0
[2026-03-09T00:13:55.891Z INFO  itheris_daemon] ===========================================
[2026-03-09T00:13:55.891Z INFO  itheris_daemon::kernel] 🛡️  Initializing ITHERIS Fail-Closed Kernel...
[2026-03-09T00:13:55.891Z INFO  itheris_daemon] 🚀 Starting ITHERIS Daemon v1.0.0...
[2026-03-09T00:13:55.891Z INFO  itheris_daemon] State: Starting -> SecureBoot
[2026-03-09T00:13:55.891Z INFO  itheris_daemon::secure_boot] 🔐 Starting ITHERIS Secure Boot Sequence...
[2026-03-09T00:13:55.891Z INFO  itheris_daemon::secure_boot] 📋 Stage 1: Boot Verification...
[2026-03-09T00:13:55.895Z INFO  itheris_daemon::secure_boot]    ✓ Stage 1 complete: Boot measurement: d3742ee9a344ddb9 (PCR0 extended)
[2026-03-09T00:13:55.895Z INFO  itheris_daemon::secure_boot] 📋 Stage 2: Kernel Integrity Check...
[2026-03-09T00:13:55.896Z INFO  itheris_daemon::secure_boot]    ✓ Stage 2 complete: Kernel verified (approve: true, deny: true): 4be81e7ea5937cb3
[2026-03-09T00:13:55.896Z INFO  itheris_daemon::secure_boot] 📋 Stage 3: Julia Brain Verification...
[2026-03-09T00:13:55.899Z INFO  itheris_daemon::secure_boot]    ✓ Stage 3 complete: Julia brain verified: ced0d441735e56f4
[2026-03-09T00:13:55.901Z INFO  itheris_daemon::secure_boot] 📋 Stage 4: Capability Registry Validation...
[2026-03-09T00:13:55.901Z INFO  itheris_daemon::secure_boot]    ✓ Stage 4 complete: Registry valid: bca28bbb7a6cb848
[2026-03-09T00:13:55.901Z INFO  itheris_daemon::secure_boot] ✅ Secure Boot Sequence Complete - All stages verified
[2026-03-09T00:13:55.901Z INFO  itheris_daemon] ✅ Secure boot completed: 4 stages
[2026-03-09T00:13:55.901Z INFO  itheris_daemon::kernel] 📋 Initializing kernel capabilities...
[2026-03-09T00:13:55.901Z INFO  itheris_daemon::kernel]    ✓ Default capabilities initialized
[2026-03-09T00:13:55.901Z INFO  itheris_daemon::kernel] ✅ Warden: HEALTHY - Kernel accepting actions
[2026-03-09T00:13:55.901Z INFO  itheris_daemon] State: SecureBoot -> Running
[2026-03-09T00:13:55.901Z INFO  itheris_daemon] 🧠 Spawning Julia brain...
[2026-03-09T00:13:55.905Z INFO  itheris_daemon]    ✓ Julia brain started (PID: 47656)
[2026-03-09T00:13:55.905Z INFO  itheris_daemon] ✅ ITHERIS Daemon started successfully
[2026-03-09T00:13:55.905Z INFO  itheris_daemon] 🐕 Starting watchdog...
[2026-03-09T00:13:55.905Z INFO  itheris_daemon] 🌐 HTTP server listening on http://0.0.0.0:8080
[2026-03-09T01:33:14.078Z INFO  itheris_daemon] ===========================================
[2026-03-09T01:33:14.078Z INFO  itheris_daemon]   ITHERIS Sovereign Runtime Daemon v1.0
[2026-03-09T01:33:14.078Z INFO  itheris_daemon] ===========================================
[2026-03-09T01:33:14.078Z INFO  itheris_daemon::kernel] 🛡️  Initializing ITHERIS Fail-Closed Kernel...
[2026-03-09T01:33:14.078Z INFO  itheris_daemon] 🚀 Starting ITHERIS Daemon v1.0.0...
[2026-03-09T01:33:14.078Z INFO  itheris_daemon] State: Starting -> SecureBoot
[2026-03-09T01:33:14.078Z INFO  itheris_daemon::secure_boot] 🔐 Starting ITHERIS Secure Boot Sequence...
[2026-03-09T01:33:14.078Z INFO  itheris_daemon::secure_boot] 📋 Stage 1: Boot Verification...
[2026-03-09T01:33:14.079Z INFO  itheris_daemon::secure_boot]    ✓ Stage 1 complete: Boot measurement: d3742ee9a344ddb9 (PCR0 extended)
[2026-03-09T01:33:14.079Z INFO  itheris_daemon::secure_boot] 📋 Stage 2: Kernel Integrity Check...
[2026-03-09T01:33:14.079Z INFO  itheris_daemon::secure_boot]    ✓ Stage 2 complete: Kernel verified (approve: true, deny: true): 4be81e7ea5937cb3
[2026-03-09T01:33:14.080Z INFO  itheris_daemon::secure_boot] 📋 Stage 3: Julia Brain Verification...
[2026-03-09T01:33:14.081Z INFO  itheris_daemon::secure_boot]    ✓ Stage 3 complete: Julia brain verified: 6ffce3a9cc813479
[2026-03-09T01:33:14.081Z INFO  itheris_daemon::secure_boot] 📋 Stage 4: Capability Registry Validation...
[2026-03-09T01:33:14.082Z INFO  itheris_daemon::secure_boot]    ✓ Stage 4 complete: Registry valid: bca28bbb7a6cb848
[2026-03-09T01:33:14.082Z INFO  itheris_daemon::secure_boot] ✅ Secure Boot Sequence Complete - All stages verified
[2026-03-09T01:33:14.082Z INFO  itheris_daemon] ✅ Secure boot completed: 4 stages
[2026-03-09T01:33:14.082Z INFO  itheris_daemon::kernel] 📋 Initializing kernel capabilities...
[2026-03-09T01:33:14.083Z INFO  itheris_daemon::kernel]    ✓ Default capabilities initialized
[2026-03-09T01:33:14.083Z INFO  itheris_daemon::kernel] ✅ Warden: HEALTHY - Kernel accepting actions
[2026-03-09T01:33:14.083Z INFO  itheris_daemon] State: SecureBoot -> Running
[2026-03-09T01:33:14.083Z INFO  itheris_daemon] 🧠 Spawning Julia brain...
[2026-03-09T01:33:14.086Z INFO  itheris_daemon]    ✓ Julia brain started (PID: 68465)
[2026-03-09T01:33:14.086Z INFO  itheris_daemon] ✅ ITHERIS Daemon started successfully
[2026-03-09T01:33:14.086Z INFO  itheris_daemon] 🐕 Starting watchdog...
[2026-03-09T01:33:14.086Z INFO  itheris_daemon] 🌐 HTTP server listening on http://0.0.0.0:8080

thread 'tokio-rt-worker' (68464) panicked at src/main.rs:345:62:
called `Result::unwrap()` on an `Err` value: Os { code: 98, kind: AddrInUse, message: "Address already in use" }
note: run with `RUST_BACKTRACE=1` environment variable to display a backtrace
[2026-03-09T01:33:44.088Z WARN  itheris_daemon] ⚠️ Julia brain exited unexpectedly
[2026-03-09T01:33:44.088Z WARN  itheris_daemon] ⚠️ Brain health check failed (count: 1)
[2026-03-09T01:34:14.087Z WARN  itheris_daemon] ⚠️ Julia brain exited unexpectedly
[2026-03-09T01:34:14.087Z WARN  itheris_daemon] ⚠️ Brain health check failed (count: 2)
[2026-03-09T01:34:44.087Z WARN  itheris_daemon] ⚠️ Julia brain exited unexpectedly
[2026-03-09T01:34:44.087Z WARN  itheris_daemon] ⚠️ Brain health check failed (count: 3)
[2026-03-09T01:34:44.087Z ERROR itheris_daemon] 🛑 Brain unresponsive - initiating recovery
[2026-03-09T01:34:44.087Z INFO  itheris_daemon] State: Running -> Recovering
[2026-03-09T01:34:44.087Z WARN  itheris_daemon::kernel] ⚠️  Warden: FAILED - Kernel entering fail-closed mode
[2026-03-09T01:34:44.087Z INFO  itheris_daemon] 🧠 Spawning Julia brain...
[2026-03-09T01:34:44.088Z INFO  itheris_daemon]    ✓ Julia brain started (PID: 68746)
[2026-03-09T01:34:44.088Z INFO  itheris_daemon::kernel] ✅ Warden: HEALTHY - Kernel accepting actions
[2026-03-09T01:43:33.409Z INFO  itheris_daemon] ===========================================
[2026-03-09T01:43:33.409Z INFO  itheris_daemon]   ITHERIS Sovereign Runtime Daemon v1.0
[2026-03-09T01:43:33.409Z INFO  itheris_daemon] ===========================================
[2026-03-09T01:43:33.409Z INFO  itheris_daemon::kernel] 🛡️  Initializing ITHERIS Fail-Closed Kernel...
[2026-03-09T01:43:33.409Z INFO  itheris_daemon] 🚀 Starting ITHERIS Daemon v1.0.0...
[2026-03-09T01:43:33.409Z INFO  itheris_daemon] State: Starting -> SecureBoot
[2026-03-09T01:43:33.410Z INFO  itheris_daemon::secure_boot] 🔐 Starting ITHERIS Secure Boot Sequence...
[2026-03-09T01:43:33.410Z INFO  itheris_daemon::secure_boot] 📋 Stage 1: Boot Verification...
[2026-03-09T01:43:33.411Z INFO  itheris_daemon::secure_boot]    ✓ Stage 1 complete: Boot measurement: d3742ee9a344ddb9 (PCR0 extended)
[2026-03-09T01:43:33.411Z INFO  itheris_daemon::secure_boot] 📋 Stage 2: Kernel Integrity Check...
[2026-03-09T01:43:33.412Z INFO  itheris_daemon::secure_boot]    ✓ Stage 2 complete: Kernel verified (approve: true, deny: true): 4be81e7ea5937cb3
[2026-03-09T01:43:33.412Z INFO  itheris_daemon::secure_boot] 📋 Stage 3: Julia Brain Verification...
[2026-03-09T01:43:33.414Z INFO  itheris_daemon::secure_boot]    ✓ Stage 3 complete: Julia brain verified: 6ffce3a9cc813479
[2026-03-09T01:43:33.414Z INFO  itheris_daemon::secure_boot] 📋 Stage 4: Capability Registry Validation...
[2026-03-09T01:43:33.415Z INFO  itheris_daemon::secure_boot]    ✓ Stage 4 complete: Registry valid: bca28bbb7a6cb848
[2026-03-09T01:43:33.415Z INFO  itheris_daemon::secure_boot] ✅ Secure Boot Sequence Complete - All stages verified
[2026-03-09T01:43:33.415Z INFO  itheris_daemon] ✅ Secure boot completed: 4 stages
[2026-03-09T01:43:33.415Z INFO  itheris_daemon::kernel] 📋 Initializing kernel capabilities...
[2026-03-09T01:43:33.415Z INFO  itheris_daemon::kernel]    ✓ Default capabilities initialized
[2026-03-09T01:43:33.415Z INFO  itheris_daemon::kernel] ✅ Warden: HEALTHY - Kernel accepting actions
[2026-03-09T01:43:33.415Z INFO  itheris_daemon] State: SecureBoot -> Running
[2026-03-09T01:43:33.415Z INFO  itheris_daemon] 🧠 Spawning Julia brain...
[2026-03-09T01:43:33.418Z INFO  itheris_daemon]    ✓ Julia brain started (PID: 70768)
[2026-03-09T01:43:33.418Z INFO  itheris_daemon] ✅ ITHERIS Daemon started successfully
[2026-03-09T01:43:33.418Z INFO  itheris_daemon] 🐕 Starting watchdog...
[2026-03-09T01:43:33.418Z INFO  itheris_daemon] 🌐 HTTP server listening on http://0.0.0.0:8080
[2026-03-09T01:44:03.419Z WARN  itheris_daemon] ⚠️ Julia brain exited unexpectedly
[2026-03-09T01:44:03.419Z WARN  itheris_daemon] ⚠️ Brain health check failed (count: 1)
[2026-03-09T01:44:33.419Z WARN  itheris_daemon] ⚠️ Julia brain exited unexpectedly
[2026-03-09T01:44:33.419Z WARN  itheris_daemon] ⚠️ Brain health check failed (count: 2)
[2026-03-09T01:45:03.419Z WARN  itheris_daemon] ⚠️ Julia brain exited unexpectedly
[2026-03-09T01:45:03.419Z WARN  itheris_daemon] ⚠️ Brain health check failed (count: 3)
[2026-03-09T01:45:03.419Z ERROR itheris_daemon] 🛑 Brain unresponsive - initiating recovery
[2026-03-09T01:45:03.419Z INFO  itheris_daemon] State: Running -> Recovering
[2026-03-09T01:45:03.419Z WARN  itheris_daemon::kernel] ⚠️  Warden: FAILED - Kernel entering fail-closed mode
[2026-03-09T01:45:03.419Z INFO  itheris_daemon] 🧠 Spawning Julia brain...
[2026-03-09T01:45:03.421Z INFO  itheris_daemon]    ✓ Julia brain started (PID: 71049)
[2026-03-09T01:45:03.421Z INFO  itheris_daemon::kernel] ✅ Warden: HEALTHY - Kernel accepting actions
[2026-03-09T02:07:01.711Z INFO  itheris_daemon] ===========================================
[2026-03-09T02:07:01.711Z INFO  itheris_daemon]   ITHERIS Sovereign Runtime Daemon v1.0
[2026-03-09T02:07:01.711Z INFO  itheris_daemon] ===========================================
[2026-03-09T02:07:01.711Z INFO  itheris_daemon::kernel] 🛡️  Initializing ITHERIS Fail-Closed Kernel...
[2026-03-09T02:07:01.711Z INFO  itheris_daemon] 🚀 Starting ITHERIS Daemon v1.0.0...
[2026-03-09T02:07:01.711Z INFO  itheris_daemon] State: Starting -> SecureBoot
[2026-03-09T02:07:01.711Z INFO  itheris_daemon::secure_boot] 🔐 Starting ITHERIS Secure Boot Sequence...
[2026-03-09T02:07:01.711Z INFO  itheris_daemon::secure_boot] 📋 Stage 1: Boot Verification...
[2026-03-09T02:07:01.761Z INFO  itheris_daemon::secure_boot]    ✓ Stage 1 complete: Boot measurement: d3742ee9a344ddb9 (PCR0 extended)
[2026-03-09T02:07:01.761Z INFO  itheris_daemon::secure_boot] 📋 Stage 2: Kernel Integrity Check...
[2026-03-09T02:07:01.761Z INFO  itheris_daemon::secure_boot]    ✓ Stage 2 complete: Kernel verified (approve: true, deny: true): 4be81e7ea5937cb3
[2026-03-09T02:07:01.761Z INFO  itheris_daemon::secure_boot] 📋 Stage 3: Julia Brain Verification...
[2026-03-09T02:07:01.762Z INFO  itheris_daemon::secure_boot]    ✓ Stage 3 complete: Julia brain verified: 0a1d70dbb68f67c1
[2026-03-09T02:07:01.762Z INFO  itheris_daemon::secure_boot] 📋 Stage 4: Capability Registry Validation...
[2026-03-09T02:07:01.763Z INFO  itheris_daemon::secure_boot]    ✓ Stage 4 complete: Registry valid: bca28bbb7a6cb848
[2026-03-09T02:07:01.763Z INFO  itheris_daemon::secure_boot] ✅ Secure Boot Sequence Complete - All stages verified
[2026-03-09T02:07:01.763Z INFO  itheris_daemon] ✅ Secure boot completed: 4 stages
[2026-03-09T02:07:01.763Z INFO  itheris_daemon::kernel] 📋 Initializing kernel capabilities...
[2026-03-09T02:07:01.763Z INFO  itheris_daemon::kernel]    ✓ Default capabilities initialized
[2026-03-09T02:07:01.763Z INFO  itheris_daemon::kernel] ✅ Warden: HEALTHY - Kernel accepting actions
[2026-03-09T02:07:01.763Z INFO  itheris_daemon] State: SecureBoot -> Running
[2026-03-09T02:07:01.763Z INFO  itheris_daemon] 🧠 Spawning Julia brain...
[2026-03-09T02:07:01.765Z INFO  itheris_daemon]    ✓ Julia brain started (PID: 77380)
[2026-03-09T02:07:01.765Z INFO  itheris_daemon] ✅ ITHERIS Daemon started successfully
[2026-03-09T02:07:01.765Z INFO  itheris_daemon] 🐕 Starting watchdog...
[2026-03-09T02:07:01.765Z INFO  itheris_daemon] 🌐 HTTP server listening on http://0.0.0.0:8080

thread 'tokio-rt-worker' (77379) panicked at src/main.rs:345:62:
called `Result::unwrap()` on an `Err` value: Os { code: 98, kind: AddrInUse, message: "Address already in use" }
note: run with `RUST_BACKTRACE=1` environment variable to display a backtrace
[2026-03-09T02:07:31.766Z WARN  itheris_daemon] ⚠️ Julia brain exited unexpectedly
[2026-03-09T02:07:31.766Z WARN  itheris_daemon] ⚠️ Brain health check failed (count: 1)
[2026-03-09T02:08:01.766Z WARN  itheris_daemon] ⚠️ Julia brain exited unexpectedly
[2026-03-09T02:08:01.766Z WARN  itheris_daemon] ⚠️ Brain health check failed (count: 2)
[2026-03-09T02:08:31.766Z WARN  itheris_daemon] ⚠️ Julia brain exited unexpectedly
[2026-03-09T02:08:31.766Z WARN  itheris_daemon] ⚠️ Brain health check failed (count: 3)
[2026-03-09T02:08:31.766Z ERROR itheris_daemon] 🛑 Brain unresponsive - initiating recovery
[2026-03-09T02:08:31.766Z INFO  itheris_daemon] State: Running -> Recovering
[2026-03-09T02:08:31.766Z WARN  itheris_daemon::kernel] ⚠️  Warden: FAILED - Kernel entering fail-closed mode
[2026-03-09T02:08:31.766Z INFO  itheris_daemon] 🧠 Spawning Julia brain...
[2026-03-09T02:08:31.768Z INFO  itheris_daemon]    ✓ Julia brain started (PID: 77712)
[2026-03-09T02:08:31.768Z INFO  itheris_daemon::kernel] ✅ Warden: HEALTHY - Kernel accepting actions
[2026-03-09T02:15:37.527Z INFO  itheris_daemon] ===========================================
[2026-03-09T02:15:37.527Z INFO  itheris_daemon]   ITHERIS Sovereign Runtime Daemon v1.0
[2026-03-09T02:15:37.527Z INFO  itheris_daemon] ===========================================
[2026-03-09T02:15:37.527Z INFO  itheris_daemon::kernel] 🛡️  Initializing ITHERIS Fail-Closed Kernel...
[2026-03-09T02:15:37.527Z INFO  itheris_daemon] 🚀 Starting ITHERIS Daemon v1.0.0...
[2026-03-09T02:15:37.527Z INFO  itheris_daemon] State: Starting -> SecureBoot
[2026-03-09T02:15:37.527Z INFO  itheris_daemon::secure_boot] 🔐 Starting ITHERIS Secure Boot Sequence...
[2026-03-09T02:15:37.527Z INFO  itheris_daemon::secure_boot] 📋 Stage 1: Boot Verification...
[2026-03-09T02:15:37.529Z INFO  itheris_daemon::secure_boot]    ✓ Stage 1 complete: Boot measurement: d3742ee9a344ddb9 (PCR0 extended)
[2026-03-09T02:15:37.529Z INFO  itheris_daemon::secure_boot] 📋 Stage 2: Kernel Integrity Check...
[2026-03-09T02:15:37.530Z INFO  itheris_daemon::secure_boot]    ✓ Stage 2 complete: Kernel verified (approve: true, deny: true): 4be81e7ea5937cb3
[2026-03-09T02:15:37.530Z INFO  itheris_daemon::secure_boot] 📋 Stage 3: Julia Brain Verification...
[2026-03-09T02:15:37.531Z INFO  itheris_daemon::secure_boot]    ✓ Stage 3 complete: Julia brain verified: 0a1d70dbb68f67c1
[2026-03-09T02:15:37.531Z INFO  itheris_daemon::secure_boot] 📋 Stage 4: Capability Registry Validation...
[2026-03-09T02:15:37.532Z INFO  itheris_daemon::secure_boot]    ✓ Stage 4 complete: Registry valid: bca28bbb7a6cb848
[2026-03-09T02:15:37.532Z INFO  itheris_daemon::secure_boot] ✅ Secure Boot Sequence Complete - All stages verified
[2026-03-09T02:15:37.532Z INFO  itheris_daemon] ✅ Secure boot completed: 4 stages
[2026-03-09T02:15:37.532Z INFO  itheris_daemon::kernel] 📋 Initializing kernel capabilities...
[2026-03-09T02:15:37.532Z INFO  itheris_daemon::kernel]    ✓ Default capabilities initialized
[2026-03-09T02:15:37.532Z INFO  itheris_daemon::kernel] ✅ Warden: HEALTHY - Kernel accepting actions
[2026-03-09T02:15:37.532Z INFO  itheris_daemon] State: SecureBoot -> Running
[2026-03-09T02:15:37.532Z INFO  itheris_daemon] 🧠 Spawning Julia brain...
[2026-03-09T02:15:37.534Z INFO  itheris_daemon]    ✓ Julia brain started (PID: 79288)
[2026-03-09T02:15:37.534Z INFO  itheris_daemon] ✅ ITHERIS Daemon started successfully
[2026-03-09T02:15:37.534Z INFO  itheris_daemon] 🐕 Starting watchdog...
[2026-03-09T02:15:37.534Z INFO  itheris_daemon] 🌐 HTTP server listening on http://0.0.0.0:8080
[2026-03-09T02:16:07.534Z WARN  itheris_daemon] ⚠️ Julia brain exited unexpectedly
[2026-03-09T02:16:07.535Z WARN  itheris_daemon] ⚠️ Brain health check failed (count: 1)
[2026-03-09T02:16:37.535Z WARN  itheris_daemon] ⚠️ Julia brain exited unexpectedly
[2026-03-09T02:16:37.535Z WARN  itheris_daemon] ⚠️ Brain health check failed (count: 2)
[2026-03-09T02:17:07.534Z WARN  itheris_daemon] ⚠️ Julia brain exited unexpectedly
[2026-03-09T02:17:07.534Z WARN  itheris_daemon] ⚠️ Brain health check failed (count: 3)
[2026-03-09T02:17:07.534Z ERROR itheris_daemon] 🛑 Brain unresponsive - initiating recovery
[2026-03-09T02:17:07.534Z INFO  itheris_daemon] State: Running -> Recovering
[2026-03-09T02:17:07.534Z WARN  itheris_daemon::kernel] ⚠️  Warden: FAILED - Kernel entering fail-closed mode
[2026-03-09T02:17:07.534Z INFO  itheris_daemon] 🧠 Spawning Julia brain...
[2026-03-09T02:17:07.536Z INFO  itheris_daemon]    ✓ Julia brain started (PID: 79612)
[2026-03-09T02:17:07.536Z INFO  itheris_daemon::kernel] ✅ Warden: HEALTHY - Kernel accepting actions
[2026-03-09T02:34:00.970Z INFO  itheris_daemon] ===========================================
[2026-03-09T02:34:00.970Z INFO  itheris_daemon]   ITHERIS Sovereign Runtime Daemon v1.0
[2026-03-09T02:34:00.970Z INFO  itheris_daemon] ===========================================
[2026-03-09T02:34:00.970Z INFO  itheris_daemon::kernel] 🛡️  Initializing ITHERIS Fail-Closed Kernel...
[2026-03-09T02:34:00.970Z INFO  itheris_daemon] 🚀 Starting ITHERIS Daemon v1.0.0...
[2026-03-09T02:34:00.970Z INFO  itheris_daemon] State: Starting -> SecureBoot
[2026-03-09T02:34:00.970Z INFO  itheris_daemon::secure_boot] 🔐 Starting ITHERIS Secure Boot Sequence...
[2026-03-09T02:34:00.970Z INFO  itheris_daemon::secure_boot] 📋 Stage 1: Boot Verification...
[2026-03-09T02:34:00.971Z INFO  itheris_daemon::secure_boot]    ✓ Stage 1 complete: Boot measurement: d3742ee9a344ddb9 (PCR0 extended)
[2026-03-09T02:34:00.971Z INFO  itheris_daemon::secure_boot] 📋 Stage 2: Kernel Integrity Check...
[2026-03-09T02:34:00.971Z INFO  itheris_daemon::secure_boot]    ✓ Stage 2 complete: Kernel verified (approve: true, deny: true): 4be81e7ea5937cb3
[2026-03-09T02:34:00.971Z INFO  itheris_daemon::secure_boot] 📋 Stage 3: Julia Brain Verification...
[2026-03-09T02:34:00.973Z INFO  itheris_daemon::secure_boot]    ✓ Stage 3 complete: Julia brain verified: 63af550e2f454263
[2026-03-09T02:34:00.973Z INFO  itheris_daemon::secure_boot] 📋 Stage 4: Capability Registry Validation...
[2026-03-09T02:34:00.973Z INFO  itheris_daemon::secure_boot]    ✓ Stage 4 complete: Registry valid: bca28bbb7a6cb848
[2026-03-09T02:34:00.973Z INFO  itheris_daemon::secure_boot] ✅ Secure Boot Sequence Complete - All stages verified
[2026-03-09T02:34:00.973Z INFO  itheris_daemon] ✅ Secure boot completed: 4 stages
[2026-03-09T02:34:00.973Z INFO  itheris_daemon::kernel] 📋 Initializing kernel capabilities...
[2026-03-09T02:34:00.973Z INFO  itheris_daemon::kernel]    ✓ Default capabilities initialized
[2026-03-09T02:34:00.973Z INFO  itheris_daemon::kernel] ✅ Warden: HEALTHY - Kernel accepting actions
[2026-03-09T02:34:00.973Z INFO  itheris_daemon] State: SecureBoot -> Running
[2026-03-09T02:34:00.973Z INFO  itheris_daemon] 🧠 Spawning Julia brain...
[2026-03-09T02:34:00.974Z INFO  itheris_daemon]    ✓ Julia brain started (PID: 85300)
[2026-03-09T02:34:00.974Z INFO  itheris_daemon] ✅ ITHERIS Daemon started successfully
[2026-03-09T02:34:00.974Z INFO  itheris_daemon] 🐕 Starting watchdog...
[2026-03-09T02:34:00.974Z INFO  itheris_daemon] 🌐 HTTP server listening on http://0.0.0.0:8080

thread 'tokio-rt-worker' (85299) panicked at src/main.rs:345:62:
called `Result::unwrap()` on an `Err` value: Os { code: 98, kind: AddrInUse, message: "Address already in use" }
note: run with `RUST_BACKTRACE=1` environment variable to display a backtrace
[2026-03-09T02:34:30.975Z WARN  itheris_daemon] ⚠️ Julia brain exited unexpectedly
[2026-03-09T02:34:30.975Z WARN  itheris_daemon] ⚠️ Brain health check failed (count: 1)
[2026-03-09T02:35:00.975Z WARN  itheris_daemon] ⚠️ Julia brain exited unexpectedly
[2026-03-09T02:35:00.975Z WARN  itheris_daemon] ⚠️ Brain health check failed (count: 2)
[2026-03-09T02:35:30.975Z WARN  itheris_daemon] ⚠️ Julia brain exited unexpectedly
[2026-03-09T02:35:30.975Z WARN  itheris_daemon] ⚠️ Brain health check failed (count: 3)
[2026-03-09T02:35:30.975Z ERROR itheris_daemon] 🛑 Brain unresponsive - initiating recovery
[2026-03-09T02:35:30.975Z INFO  itheris_daemon] State: Running -> Recovering
[2026-03-09T02:35:30.975Z WARN  itheris_daemon::kernel] ⚠️  Warden: FAILED - Kernel entering fail-closed mode
[2026-03-09T02:35:30.975Z INFO  itheris_daemon] 🧠 Spawning Julia brain...
[2026-03-09T02:35:30.977Z INFO  itheris_daemon]    ✓ Julia brain started (PID: 85632)
[2026-03-09T02:35:30.977Z INFO  itheris_daemon::kernel] ✅ Warden: HEALTHY - Kernel accepting actions
[2026-03-09T03:08:47.597Z INFO  itheris_daemon] ===========================================
[2026-03-09T03:08:47.597Z INFO  itheris_daemon]   ITHERIS Sovereign Runtime Daemon v1.0
[2026-03-09T03:08:47.597Z INFO  itheris_daemon] ===========================================
[2026-03-09T03:08:47.597Z INFO  itheris_daemon::kernel] 🛡️  Initializing ITHERIS Fail-Closed Kernel...
[2026-03-09T03:08:47.597Z INFO  itheris_daemon] 🚀 Starting ITHERIS Daemon v1.0.0...
[2026-03-09T03:08:47.597Z INFO  itheris_daemon] State: Starting -> SecureBoot
[2026-03-09T03:08:47.597Z INFO  itheris_daemon::secure_boot] 🔐 Starting ITHERIS Secure Boot Sequence...
[2026-03-09T03:08:47.597Z INFO  itheris_daemon::secure_boot] 📋 Stage 1: Boot Verification...
[2026-03-09T03:08:47.598Z INFO  itheris_daemon::secure_boot]    ✓ Stage 1 complete: Boot measurement: d3742ee9a344ddb9 (PCR0 extended)
[2026-03-09T03:08:47.598Z INFO  itheris_daemon::secure_boot] 📋 Stage 2: Kernel Integrity Check...
[2026-03-09T03:08:47.598Z INFO  itheris_daemon::secure_boot]    ✓ Stage 2 complete: Kernel verified (approve: true, deny: true): 4be81e7ea5937cb3
[2026-03-09T03:08:47.598Z INFO  itheris_daemon::secure_boot] 📋 Stage 3: Julia Brain Verification...
[2026-03-09T03:08:47.600Z INFO  itheris_daemon::secure_boot]    ✓ Stage 3 complete: Julia brain verified: 63af550e2f454263
[2026-03-09T03:08:47.600Z INFO  itheris_daemon::secure_boot] 📋 Stage 4: Capability Registry Validation...
[2026-03-09T03:08:47.600Z INFO  itheris_daemon::secure_boot]    ✓ Stage 4 complete: Registry valid: bca28bbb7a6cb848
[2026-03-09T03:08:47.600Z INFO  itheris_daemon::secure_boot] ✅ Secure Boot Sequence Complete - All stages verified
[2026-03-09T03:08:47.600Z INFO  itheris_daemon] ✅ Secure boot completed: 4 stages
[2026-03-09T03:08:47.600Z INFO  itheris_daemon::kernel] 📋 Initializing kernel capabilities...
[2026-03-09T03:08:47.600Z INFO  itheris_daemon::kernel]    ✓ Default capabilities initialized
[2026-03-09T03:08:47.600Z INFO  itheris_daemon::kernel] ✅ Warden: HEALTHY - Kernel accepting actions
[2026-03-09T03:08:47.600Z INFO  itheris_daemon] State: SecureBoot -> Running
[2026-03-09T03:08:47.600Z INFO  itheris_daemon] 🧠 Spawning Julia brain...
[2026-03-09T03:08:47.601Z INFO  itheris_daemon]    ✓ Julia brain started (PID: 93865)
[2026-03-09T03:08:47.602Z INFO  itheris_daemon] ✅ ITHERIS Daemon started successfully
[2026-03-09T03:08:47.602Z INFO  itheris_daemon] 🐕 Starting watchdog...
[2026-03-09T03:08:47.602Z INFO  itheris_daemon] 🌐 HTTP server listening on http://0.0.0.0:8080
[2026-03-09T03:09:17.603Z WARN  itheris_daemon] ⚠️ Julia brain exited unexpectedly
[2026-03-09T03:09:17.603Z WARN  itheris_daemon] ⚠️ Brain health check failed (count: 1)
[2026-03-09T03:09:47.603Z WARN  itheris_daemon] ⚠️ Julia brain exited unexpectedly
[2026-03-09T03:09:47.603Z WARN  itheris_daemon] ⚠️ Brain health check failed (count: 2)
[2026-03-09T03:10:17.603Z WARN  itheris_daemon] ⚠️ Julia brain exited unexpectedly
[2026-03-09T03:10:17.603Z WARN  itheris_daemon] ⚠️ Brain health check failed (count: 3)
[2026-03-09T03:10:17.603Z ERROR itheris_daemon] 🛑 Brain unresponsive - initiating recovery
[2026-03-09T03:10:17.603Z INFO  itheris_daemon] State: Running -> Recovering
[2026-03-09T03:10:17.603Z WARN  itheris_daemon::kernel] ⚠️  Warden: FAILED - Kernel entering fail-closed mode
[2026-03-09T03:10:17.603Z INFO  itheris_daemon] 🧠 Spawning Julia brain...
[2026-03-09T03:10:17.605Z INFO  itheris_daemon]    ✓ Julia brain started (PID: 94147)
[2026-03-09T03:10:17.605Z INFO  itheris_daemon::kernel] ✅ Warden: HEALTHY - Kernel accepting actions
[2026-03-09T05:03:29.557Z INFO  itheris_daemon] ===========================================
[2026-03-09T05:03:29.557Z INFO  itheris_daemon]   ITHERIS Sovereign Runtime Daemon v1.0
[2026-03-09T05:03:29.557Z INFO  itheris_daemon] ===========================================
[2026-03-09T05:03:29.557Z INFO  itheris_daemon::kernel] 🛡️  Initializing ITHERIS Fail-Closed Kernel...
[2026-03-09T05:03:29.557Z INFO  itheris_daemon] 🚀 Starting ITHERIS Daemon v1.0.0...
[2026-03-09T05:03:29.557Z INFO  itheris_daemon] State: Starting -> SecureBoot
[2026-03-09T05:03:29.557Z INFO  itheris_daemon::secure_boot] 🔐 Starting ITHERIS Secure Boot Sequence...
[2026-03-09T05:03:29.557Z INFO  itheris_daemon::secure_boot] 📋 Stage 1: Boot Verification...
[2026-03-09T05:03:29.558Z INFO  itheris_daemon::secure_boot]    ✓ Stage 1 complete: Boot measurement: d3742ee9a344ddb9 (PCR0 extended)
[2026-03-09T05:03:29.558Z INFO  itheris_daemon::secure_boot] 📋 Stage 2: Kernel Integrity Check...
[2026-03-09T05:03:29.558Z INFO  itheris_daemon::secure_boot]    ✓ Stage 2 complete: Kernel verified (approve: true, deny: true): 4be81e7ea5937cb3
[2026-03-09T05:03:29.558Z INFO  itheris_daemon::secure_boot] 📋 Stage 3: Julia Brain Verification...
[2026-03-09T05:03:29.559Z INFO  itheris_daemon::secure_boot]    ✓ Stage 3 complete: Julia brain verified: 63af550e2f454263
[2026-03-09T05:03:29.560Z INFO  itheris_daemon::secure_boot] 📋 Stage 4: Capability Registry Validation...
[2026-03-09T05:03:29.560Z INFO  itheris_daemon::secure_boot]    ✓ Stage 4 complete: Registry valid: bca28bbb7a6cb848
[2026-03-09T05:03:29.560Z INFO  itheris_daemon::secure_boot] ✅ Secure Boot Sequence Complete - All stages verified
[2026-03-09T05:03:29.560Z INFO  itheris_daemon] ✅ Secure boot completed: 4 stages
[2026-03-09T05:03:29.560Z INFO  itheris_daemon::kernel] 📋 Initializing kernel capabilities...
[2026-03-09T05:03:29.560Z INFO  itheris_daemon::kernel]    ✓ Default capabilities initialized
[2026-03-09T05:03:29.560Z INFO  itheris_daemon::kernel] ✅ Warden: HEALTHY - Kernel accepting actions
[2026-03-09T05:03:29.560Z INFO  itheris_daemon] State: SecureBoot -> Running
[2026-03-09T05:03:29.560Z INFO  itheris_daemon] 🧠 Spawning Julia brain...
[2026-03-09T05:03:29.560Z INFO  itheris_daemon]    ✓ Julia brain started (PID: 126895)
[2026-03-09T05:03:29.560Z INFO  itheris_daemon] ✅ ITHERIS Daemon started successfully
[2026-03-09T05:03:29.560Z INFO  itheris_daemon] 🐕 Starting watchdog...
[2026-03-09T05:03:29.560Z INFO  itheris_daemon] 🌐 HTTP server listening on http://0.0.0.0:8080

thread 'tokio-rt-worker' (126894) panicked at src/main.rs:345:62:
called `Result::unwrap()` on an `Err` value: Os { code: 98, kind: AddrInUse, message: "Address already in use" }
note: run with `RUST_BACKTRACE=1`[2026-03-09T08:07:46.929Z INFO  itheris_daemon] ===========================================
[2026-03-09T08:07:46.929Z INFO  itheris_daemon]   ITHERIS Sovereign Runtime Daemon v1.0
[2026-03-09T08:07:46.929Z INFO  itheris_daemon] ===========================================
[2026-03-09T08:07:46.929Z INFO  itheris_daemon::kernel] 🛡️  Initializing ITHERIS Fail-Closed Kernel...
[2026-03-09T08:07:46.929Z INFO  itheris_daemon] 🚀 Starting ITHERIS Daemon v1.0.0...
[2026-03-09T08:07:46.929Z INFO  itheris_daemon] State: Starting -> SecureBoot
[2026-03-09T08:07:46.929Z INFO  itheris_daemon::secure_boot] 🔐 Starting ITHERIS Secure Boot Sequence...
[2026-03-09T08:07:46.929Z INFO  itheris_daemon::secure_boot] 📋 Stage 1: Boot Verification...
[2026-03-09T08:07:46.932Z INFO  itheris_daemon::secure_boot]    ✓ Stage 1 complete: Boot measurement: d3742ee9a344ddb9 (PCR0 extended)
[2026-03-09T08:07:46.932Z INFO  itheris_daemon::secure_boot] 📋 Stage 2: Kernel Integrity Check...
[2026-03-09T08:07:46.932Z INFO  itheris_daemon::secure_boot]    ✓ Stage 2 complete: Kernel verified (approve: true, deny: true): 4be81e7ea5937cb3
[2026-03-09T08:07:46.932Z INFO  itheris_daemon::secure_boot] 📋 Stage 3: Julia Brain Verification...
[2026-03-09T08:07:46.936Z INFO  itheris_daemon::secure_boot]    ✓ Stage 3 complete: Julia brain verified: 63af550e2f454263
[2026-03-09T08:07:46.936Z INFO  itheris_daemon::secure_boot] 📋 Stage 4: Capability Registry Validation...
[2026-03-09T08:07:46.937Z INFO  itheris_daemon::secure_boot]    ✓ Stage 4 complete: Registry valid: bca28bbb7a6cb848
[2026-03-09T08:07:46.937Z INFO  itheris_daemon::secure_boot] ✅ Secure Boot Sequence Complete - All stages verified
[2026-03-09T08:07:46.937Z INFO  itheris_daemon] ✅ Secure boot completed: 4 stages
[2026-03-09T08:07:46.937Z INFO  itheris_daemon::kernel] 📋 Initializing kernel capabilities...
[2026-03-09T08:07:46.937Z INFO  itheris_daemon::kernel]    ✓ Default capabilities initialized
[2026-03-09T08:07:46.937Z INFO  itheris_daemon::kernel] ✅ Warden: HEALTHY - Kernel accepting actions
[2026-03-09T08:07:46.937Z INFO  itheris_daemon] State: SecureBoot -> Running
[2026-03-09T08:07:46.937Z INFO  itheris_daemon] 🧠 Spawning Julia brain...
[2026-03-09T08:07:46.941Z INFO  itheris_daemon]    ✓ Julia brain started (PID: 22796)
[2026-03-09T08:07:46.941Z INFO  itheris_daemon] ✅ ITHERIS Daemon started successfully
[2026-03-09T08:07:46.941Z INFO  itheris_daemon] 🐕 Starting watchdog...
[2026-03-09T08:07:46.941Z INFO  itheris_daemon] 🌐 HTTP server listening on http://0.0.0.0:8080
[2026-03-09T08:08:46.944Z WARN  itheris_daemon] ⚠️ Julia brain exited unexpectedly
[2026-03-09T08:08:46.944Z WARN  itheris_daemon] ⚠️ Brain health check failed (count: 1)
[2026-03-09T08:09:16.943Z WARN  itheris_daemon] ⚠️ Julia brain exited unexpectedly
[2026-03-09T08:09:16.943Z WARN  itheris_daemon] ⚠️ Brain health check failed (count: 2)
[2026-03-09T08:09:46.943Z WARN  itheris_daemon] ⚠️ Julia brain exited unexpectedly
[2026-03-09T08:09:46.943Z WARN  itheris_daemon] ⚠️ Brain health check failed (count: 3)
[2026-03-09T08:09:46.943Z ERROR itheris_daemon] 🛑 Brain unresponsive - initiating recovery
[2026-03-09T08:09:46.943Z INFO  itheris_daemon] State: Running -> Recovering
[2026-03-09T08:09:46.943Z WARN  itheris_daemon::kernel] ⚠️  Warden: FAILED - Kernel entering fail-closed mode
[2026-03-09T08:09:46.943Z INFO  itheris_daemon] 🧠 Spawning Julia brain...
[2026-03-09T08:09:46.943Z INFO  itheris_daemon]    ✓ Julia brain started (PID: 23169)
[2026-03-09T08:09:46.943Z INFO  itheris_daemon::kernel] ✅ Warden: HEALTHY - Kernel accepting actions
